 open file INPUT to read
 Read INPUT for input

    calculation           test
           type              0
 open file ./pos.pos to read
       geo_file      ./pos.pos
       ss_start              1
        ss_stop              5
        ss_step              1
          ntype              2
       atom_num            128            255
      atom_name              O              H
      atom_mass             16              1
          cellp
        12.4447  0  0
              0  12.4447  0
              0  0  50

 open file test/average_Hbs.txt to write
 open file test/each_Hbs.txt to write
 open file test/ion_Hbs.txt to write
 open file test/Hbonds.txt to write
 close file test/Hbonds.txt
 close file test/ion_Hbs.txt
 close file test/each_Hbs.txt
 close file test/average_Hbs.txt
 --------------- 
      Finish     
 --------------- 
Totle Time : 0.171232s
End Time: Mon May 14 11:41:00 2018

 close file INPUT
 close file ./pos.pos
